[INFO] Scanning for projects...
[INFO] 
[INFO] -------------------< org.acme:tp-refactoring-graph >--------------------
[INFO] Building tp-refactoring-graph 0.1.0-SNAPSHOT
[INFO] --------------------------------[ jar ]---------------------------------
[INFO] 
[INFO] --- maven-clean-plugin:3.2.0:clean (default-clean) @ tp-refactoring-graph ---
[INFO] Deleting /home/mickael/workspaces/workspace_correction/tp-graph-check/data/outmrhoust/tp-refactoring-graph/target
[INFO] 
[INFO] --- jacoco-maven-plugin:0.8.7:prepare-agent (default-prepare-agent) @ tp-refactoring-graph ---
[INFO] argLine set to -javaagent:/home/mickael/.m2/repository/org/jacoco/org.jacoco.agent/0.8.7/org.jacoco.agent-0.8.7-runtime.jar=destfile=/home/mickael/workspaces/workspace_correction/tp-graph-check/data/outmrhoust/tp-refactoring-graph/target/jacoco.exec
[INFO] 
[INFO] --- maven-resources-plugin:3.2.0:resources (default-resources) @ tp-refactoring-graph ---
[INFO] Using 'UTF-8' encoding to copy filtered resources.
[INFO] Using 'UTF-8' encoding to copy filtered properties files.
[INFO] Copying 1 resource
[INFO] Copying 0 resource
[INFO] 
[INFO] --- maven-compiler-plugin:3.10.1:compile (default-compile) @ tp-refactoring-graph ---
[INFO] Changes detected - recompiling the module!
[INFO] Compiling 14 source files to /home/mickael/workspaces/workspace_correction/tp-graph-check/data/outmrhoust/tp-refactoring-graph/target/classes
[INFO] 
[INFO] --- maven-resources-plugin:3.2.0:testResources (default-testResources) @ tp-refactoring-graph ---
[INFO] Using 'UTF-8' encoding to copy filtered resources.
[INFO] Using 'UTF-8' encoding to copy filtered properties files.
[INFO] Copying 5 resources
[INFO] 
[INFO] --- maven-compiler-plugin:3.10.1:testCompile (default-testCompile) @ tp-refactoring-graph ---
[INFO] Changes detected - recompiling the module!
[INFO] Compiling 6 source files to /home/mickael/workspaces/workspace_correction/tp-graph-check/data/outmrhoust/tp-refactoring-graph/target/test-classes
[INFO] 
[INFO] --- maven-surefire-plugin:2.22.2:test (default-test) @ tp-refactoring-graph ---
[INFO] 
[INFO] -------------------------------------------------------
[INFO]  T E S T S
[INFO] -------------------------------------------------------
[INFO] Running org.acme.graph.model.GraphTest
[INFO] Tests run: 6, Failures: 0, Errors: 0, Skipped: 0, Time elapsed: 0.452 s - in org.acme.graph.model.GraphTest
[INFO] Running org.acme.graph.io.GraphReaderTest
[INFO] Tests run: 1, Failures: 0, Errors: 0, Skipped: 0, Time elapsed: 9.165 s - in org.acme.graph.io.GraphReaderTest
[INFO] Running org.acme.graph.routing.DijkstraRegressTest
22:27:03.069 [main] INFO org.acme.graph.routing.DijkstraPathFinder - findPath(a,c)...
22:27:03.075 [main] INFO org.acme.graph.routing.DijkstraPathFinder - findPath(a,c) : path found
22:27:03.077 [main] INFO org.acme.graph.routing.DijkstraPathFinder - findPath(b,a)...
22:27:03.077 [main] INFO org.acme.graph.routing.DijkstraPathFinder - findPath(b,a) : path not found
22:27:03.078 [main] INFO org.acme.graph.routing.DijkstraPathFinder - findPath(a,b)...
22:27:03.078 [main] INFO org.acme.graph.routing.DijkstraPathFinder - findPath(a,b) : path found
[INFO] Tests run: 3, Failures: 0, Errors: 0, Skipped: 0, Time elapsed: 0.127 s - in org.acme.graph.routing.DijkstraRegressTest
[INFO] Running org.acme.graph.demo.CqEngineTest
[INFO] Tests run: 3, Failures: 0, Errors: 0, Skipped: 0, Time elapsed: 2.417 s - in org.acme.graph.demo.CqEngineTest
[INFO] 
[INFO] Results:
[INFO] 
[INFO] Tests run: 13, Failures: 0, Errors: 0, Skipped: 0
[INFO] 
[INFO] 
[INFO] --- maven-jar-plugin:3.2.2:jar (default-jar) @ tp-refactoring-graph ---
[INFO] Building jar: /home/mickael/workspaces/workspace_correction/tp-graph-check/data/outmrhoust/tp-refactoring-graph/target/tp-refactoring-graph-0.1.0-SNAPSHOT.jar
[INFO] 
[INFO] --- spring-boot-maven-plugin:2.7.18:repackage (repackage) @ tp-refactoring-graph ---
[INFO] Replacing main artifact with repackaged archive
[INFO] 
[INFO] --- jacoco-maven-plugin:0.8.7:report (default-cli) @ tp-refactoring-graph ---
[INFO] Loading execution data file /home/mickael/workspaces/workspace_correction/tp-graph-check/data/outmrhoust/tp-refactoring-graph/target/jacoco.exec
[INFO] Analyzed bundle 'tp-refactoring-graph' with 14 classes
[INFO] ------------------------------------------------------------------------
[INFO] BUILD SUCCESS
[INFO] ------------------------------------------------------------------------
[INFO] Total time:  20.540 s
[INFO] Finished at: 2024-02-10T22:27:07+01:00
[INFO] ------------------------------------------------------------------------
